{"D:\\course\\javaaa\\DEMO\\calculator\\calculate.js": {"path":"D:\\course\\javaaa\\DEMO\\calculator\\calculate.js","statementMap":{"0":{"start":{"line":3,"column":4},"end":{"line":93,"column":5}},"1":{"start":{"line":3,"column":17},"end":{"line":3,"column":18}},"2":{"start":{"line":4,"column":8},"end":{"line":92,"column":9}},"3":{"start":{"line":9,"column":16},"end":{"line":9,"column":39}},"4":{"start":{"line":10,"column":16},"end":{"line":10,"column":22}},"5":{"start":{"line":13,"column":16},"end":{"line":16,"column":17}},"6":{"start":{"line":14,"column":20},"end":{"line":14,"column":39}},"7":{"start":{"line":15,"column":20},"end":{"line":15,"column":36}},"8":{"start":{"line":17,"column":28},"end":{"line":17,"column":44}},"9":{"start":{"line":18,"column":16},"end":{"line":18,"column":49}},"10":{"start":{"line":19,"column":16},"end":{"line":19,"column":22}},"11":{"start":{"line":22,"column":16},"end":{"line":25,"column":17}},"12":{"start":{"line":23,"column":20},"end":{"line":23,"column":39}},"13":{"start":{"line":24,"column":20},"end":{"line":24,"column":36}},"14":{"start":{"line":26,"column":28},"end":{"line":26,"column":44}},"15":{"start":{"line":27,"column":16},"end":{"line":27,"column":49}},"16":{"start":{"line":28,"column":16},"end":{"line":28,"column":22}},"17":{"start":{"line":31,"column":16},"end":{"line":34,"column":17}},"18":{"start":{"line":32,"column":20},"end":{"line":32,"column":39}},"19":{"start":{"line":33,"column":20},"end":{"line":33,"column":36}},"20":{"start":{"line":35,"column":28},"end":{"line":35,"column":44}},"21":{"start":{"line":36,"column":16},"end":{"line":36,"column":49}},"22":{"start":{"line":37,"column":16},"end":{"line":37,"column":22}},"23":{"start":{"line":40,"column":16},"end":{"line":43,"column":17}},"24":{"start":{"line":41,"column":20},"end":{"line":41,"column":39}},"25":{"start":{"line":42,"column":20},"end":{"line":42,"column":36}},"26":{"start":{"line":44,"column":16},"end":{"line":44,"column":22}},"27":{"start":{"line":47,"column":16},"end":{"line":64,"column":17}},"28":{"start":{"line":50,"column":38},"end":{"line":50,"column":52}},"29":{"start":{"line":51,"column":20},"end":{"line":51,"column":41}},"30":{"start":{"line":52,"column":20},"end":{"line":52,"column":34}},"31":{"start":{"line":54,"column":20},"end":{"line":62,"column":21}},"32":{"start":{"line":55,"column":33},"end":{"line":55,"column":48}},"33":{"start":{"line":56,"column":24},"end":{"line":56,"column":43}},"34":{"start":{"line":57,"column":24},"end":{"line":61,"column":25}},"35":{"start":{"line":58,"column":28},"end":{"line":58,"column":44}},"36":{"start":{"line":60,"column":28},"end":{"line":60,"column":34}},"37":{"start":{"line":63,"column":20},"end":{"line":63,"column":43}},"38":{"start":{"line":65,"column":16},"end":{"line":65,"column":22}},"39":{"start":{"line":69,"column":16},"end":{"line":77,"column":17}},"40":{"start":{"line":70,"column":29},"end":{"line":70,"column":44}},"41":{"start":{"line":71,"column":20},"end":{"line":71,"column":39}},"42":{"start":{"line":72,"column":20},"end":{"line":76,"column":21}},"43":{"start":{"line":73,"column":24},"end":{"line":73,"column":40}},"44":{"start":{"line":75,"column":24},"end":{"line":75,"column":30}},"45":{"start":{"line":78,"column":16},"end":{"line":78,"column":39}},"46":{"start":{"line":79,"column":16},"end":{"line":79,"column":22}},"47":{"start":{"line":81,"column":16},"end":{"line":81,"column":39}},"48":{"start":{"line":82,"column":16},"end":{"line":82,"column":22}},"49":{"start":{"line":84,"column":16},"end":{"line":90,"column":17}},"50":{"start":{"line":85,"column":38},"end":{"line":85,"column":52}},"51":{"start":{"line":86,"column":20},"end":{"line":86,"column":41}},"52":{"start":{"line":87,"column":20},"end":{"line":87,"column":34}},"53":{"start":{"line":89,"column":20},"end":{"line":89,"column":56}},"54":{"start":{"line":91,"column":16},"end":{"line":91,"column":22}},"55":{"start":{"line":94,"column":4},"end":{"line":96,"column":5}},"56":{"start":{"line":95,"column":8},"end":{"line":95,"column":24}},"57":{"start":{"line":97,"column":4},"end":{"line":99,"column":5}},"58":{"start":{"line":98,"column":8},"end":{"line":98,"column":32}},"59":{"start":{"line":100,"column":4},"end":{"line":100,"column":40}},"60":{"start":{"line":105,"column":4},"end":{"line":111,"column":5}},"61":{"start":{"line":106,"column":8},"end":{"line":110,"column":9}},"62":{"start":{"line":107,"column":12},"end":{"line":109,"column":13}},"63":{"start":{"line":108,"column":16},"end":{"line":108,"column":22}},"64":{"start":{"line":112,"column":4},"end":{"line":112,"column":60}},"65":{"start":{"line":116,"column":4},"end":{"line":147,"column":5}},"66":{"start":{"line":117,"column":20},"end":{"line":117,"column":36}},"67":{"start":{"line":118,"column":20},"end":{"line":118,"column":36}},"68":{"start":{"line":119,"column":18},"end":{"line":119,"column":33}},"69":{"start":{"line":120,"column":8},"end":{"line":145,"column":9}},"70":{"start":{"line":122,"column":16},"end":{"line":122,"column":47}},"71":{"start":{"line":123,"column":16},"end":{"line":123,"column":22}},"72":{"start":{"line":125,"column":16},"end":{"line":125,"column":47}},"73":{"start":{"line":126,"column":16},"end":{"line":126,"column":22}},"74":{"start":{"line":128,"column":16},"end":{"line":128,"column":47}},"75":{"start":{"line":129,"column":16},"end":{"line":129,"column":22}},"76":{"start":{"line":131,"column":16},"end":{"line":136,"column":17}},"77":{"start":{"line":132,"column":20},"end":{"line":132,"column":50}},"78":{"start":{"line":133,"column":20},"end":{"line":133,"column":26}},"79":{"start":{"line":135,"column":20},"end":{"line":135,"column":54}},"80":{"start":{"line":138,"column":16},"end":{"line":138,"column":47}},"81":{"start":{"line":139,"column":16},"end":{"line":139,"column":22}},"82":{"start":{"line":141,"column":16},"end":{"line":141,"column":55}},"83":{"start":{"line":142,"column":16},"end":{"line":142,"column":22}},"84":{"start":{"line":144,"column":16},"end":{"line":144,"column":52}},"85":{"start":{"line":146,"column":8},"end":{"line":146,"column":20}},"86":{"start":{"line":157,"column":4},"end":{"line":157,"column":29}}},"fnMap":{"0":{"name":"getRes","decl":{"start":{"line":2,"column":16},"end":{"line":2,"column":22}},"loc":{"start":{"line":2,"column":28},"end":{"line":101,"column":1}},"line":2},"1":{"name":"getNum","decl":{"start":{"line":103,"column":10},"end":{"line":103,"column":16}},"loc":{"start":{"line":103,"column":29},"end":{"line":113,"column":1}},"line":103},"2":{"name":"popCalculator","decl":{"start":{"line":115,"column":10},"end":{"line":115,"column":23}},"loc":{"start":{"line":115,"column":26},"end":{"line":158,"column":1}},"line":115}},"branchMap":{"0":{"loc":{"start":{"line":4,"column":8},"end":{"line":92,"column":9}},"type":"switch","locations":[{"start":{"line":5,"column":12},"end":{"line":5,"column":21}},{"start":{"line":6,"column":12},"end":{"line":6,"column":21}},{"start":{"line":7,"column":12},"end":{"line":7,"column":21}},{"start":{"line":8,"column":12},"end":{"line":10,"column":22}},{"start":{"line":11,"column":12},"end":{"line":19,"column":22}},{"start":{"line":20,"column":12},"end":{"line":28,"column":22}},{"start":{"line":29,"column":12},"end":{"line":37,"column":22}},{"start":{"line":38,"column":12},"end":{"line":44,"column":22}},{"start":{"line":45,"column":12},"end":{"line":45,"column":21}},{"start":{"line":46,"column":12},"end":{"line":65,"column":22}},{"start":{"line":66,"column":12},"end":{"line":66,"column":21}},{"start":{"line":67,"column":12},"end":{"line":67,"column":21}},{"start":{"line":68,"column":12},"end":{"line":79,"column":22}},{"start":{"line":80,"column":12},"end":{"line":82,"column":22}},{"start":{"line":83,"column":12},"end":{"line":91,"column":22}}],"line":4},"1":{"loc":{"start":{"line":13,"column":23},"end":{"line":13,"column":77}},"type":"binary-expr","locations":[{"start":{"line":13,"column":23},"end":{"line":13,"column":43}},{"start":{"line":13,"column":47},"end":{"line":13,"column":77}}],"line":13},"2":{"loc":{"start":{"line":22,"column":23},"end":{"line":22,"column":77}},"type":"binary-expr","locations":[{"start":{"line":22,"column":23},"end":{"line":22,"column":43}},{"start":{"line":22,"column":47},"end":{"line":22,"column":77}}],"line":22},"3":{"loc":{"start":{"line":31,"column":23},"end":{"line":31,"column":77}},"type":"binary-expr","locations":[{"start":{"line":31,"column":23},"end":{"line":31,"column":43}},{"start":{"line":31,"column":47},"end":{"line":31,"column":77}}],"line":31},"4":{"loc":{"start":{"line":40,"column":23},"end":{"line":40,"column":77}},"type":"binary-expr","locations":[{"start":{"line":40,"column":23},"end":{"line":40,"column":43}},{"start":{"line":40,"column":47},"end":{"line":40,"column":77}}],"line":40},"5":{"loc":{"start":{"line":47,"column":16},"end":{"line":64,"column":17}},"type":"if","locations":[{"start":{"line":47,"column":16},"end":{"line":64,"column":17}},{"start":{"line":53,"column":23},"end":{"line":64,"column":17}}],"line":47},"6":{"loc":{"start":{"line":47,"column":20},"end":{"line":49,"column":109}},"type":"binary-expr","locations":[{"start":{"line":47,"column":20},"end":{"line":47,"column":27}},{"start":{"line":48,"column":21},"end":{"line":48,"column":35}},{"start":{"line":48,"column":39},"end":{"line":48,"column":56}},{"start":{"line":49,"column":24},"end":{"line":49,"column":42}},{"start":{"line":49,"column":46},"end":{"line":49,"column":64}},{"start":{"line":49,"column":68},"end":{"line":49,"column":86}},{"start":{"line":49,"column":90},"end":{"line":49,"column":108}}],"line":47},"7":{"loc":{"start":{"line":57,"column":24},"end":{"line":61,"column":25}},"type":"if","locations":[{"start":{"line":57,"column":24},"end":{"line":61,"column":25}},{"start":{"line":59,"column":31},"end":{"line":61,"column":25}}],"line":57},"8":{"loc":{"start":{"line":57,"column":28},"end":{"line":57,"column":80}},"type":"binary-expr","locations":[{"start":{"line":57,"column":28},"end":{"line":57,"column":38}},{"start":{"line":57,"column":42},"end":{"line":57,"column":52}},{"start":{"line":57,"column":56},"end":{"line":57,"column":66}},{"start":{"line":57,"column":70},"end":{"line":57,"column":80}}],"line":57},"9":{"loc":{"start":{"line":72,"column":20},"end":{"line":76,"column":21}},"type":"if","locations":[{"start":{"line":72,"column":20},"end":{"line":76,"column":21}},{"start":{"line":74,"column":27},"end":{"line":76,"column":21}}],"line":72},"10":{"loc":{"start":{"line":72,"column":24},"end":{"line":72,"column":76}},"type":"binary-expr","locations":[{"start":{"line":72,"column":24},"end":{"line":72,"column":34}},{"start":{"line":72,"column":38},"end":{"line":72,"column":48}},{"start":{"line":72,"column":52},"end":{"line":72,"column":62}},{"start":{"line":72,"column":66},"end":{"line":72,"column":76}}],"line":72},"11":{"loc":{"start":{"line":84,"column":16},"end":{"line":90,"column":17}},"type":"if","locations":[{"start":{"line":84,"column":16},"end":{"line":90,"column":17}},{"start":{"line":88,"column":23},"end":{"line":90,"column":17}}],"line":84},"12":{"loc":{"start":{"line":94,"column":11},"end":{"line":94,"column":58}},"type":"binary-expr","locations":[{"start":{"line":94,"column":11},"end":{"line":94,"column":33}},{"start":{"line":94,"column":37},"end":{"line":94,"column":58}}],"line":94},"13":{"loc":{"start":{"line":97,"column":4},"end":{"line":99,"column":5}},"type":"if","locations":[{"start":{"line":97,"column":4},"end":{"line":99,"column":5}},{"start":{},"end":{}}],"line":97},"14":{"loc":{"start":{"line":97,"column":8},"end":{"line":97,"column":57}},"type":"binary-expr","locations":[{"start":{"line":97,"column":8},"end":{"line":97,"column":31}},{"start":{"line":97,"column":35},"end":{"line":97,"column":57}}],"line":97},"15":{"loc":{"start":{"line":106,"column":8},"end":{"line":110,"column":9}},"type":"if","locations":[{"start":{"line":106,"column":8},"end":{"line":110,"column":9}},{"start":{},"end":{}}],"line":106},"16":{"loc":{"start":{"line":107,"column":12},"end":{"line":109,"column":13}},"type":"if","locations":[{"start":{"line":107,"column":12},"end":{"line":109,"column":13}},{"start":{},"end":{}}],"line":107},"17":{"loc":{"start":{"line":107,"column":16},"end":{"line":107,"column":86}},"type":"binary-expr","locations":[{"start":{"line":107,"column":16},"end":{"line":107,"column":30}},{"start":{"line":107,"column":34},"end":{"line":107,"column":86}}],"line":107},"18":{"loc":{"start":{"line":107,"column":36},"end":{"line":107,"column":85}},"type":"binary-expr","locations":[{"start":{"line":107,"column":37},"end":{"line":107,"column":51}},{"start":{"line":107,"column":55},"end":{"line":107,"column":69}},{"start":{"line":107,"column":74},"end":{"line":107,"column":85}}],"line":107},"19":{"loc":{"start":{"line":116,"column":4},"end":{"line":147,"column":5}},"type":"if","locations":[{"start":{"line":116,"column":4},"end":{"line":147,"column":5}},{"start":{},"end":{}}],"line":116},"20":{"loc":{"start":{"line":116,"column":8},"end":{"line":116,"column":55}},"type":"binary-expr","locations":[{"start":{"line":116,"column":8},"end":{"line":116,"column":30}},{"start":{"line":116,"column":34},"end":{"line":116,"column":55}}],"line":116},"21":{"loc":{"start":{"line":120,"column":8},"end":{"line":145,"column":9}},"type":"switch","locations":[{"start":{"line":121,"column":12},"end":{"line":123,"column":22}},{"start":{"line":124,"column":12},"end":{"line":126,"column":22}},{"start":{"line":127,"column":12},"end":{"line":129,"column":22}},{"start":{"line":130,"column":12},"end":{"line":136,"column":17}},{"start":{"line":137,"column":12},"end":{"line":139,"column":22}},{"start":{"line":140,"column":12},"end":{"line":142,"column":22}},{"start":{"line":143,"column":12},"end":{"line":144,"column":52}}],"line":120},"22":{"loc":{"start":{"line":131,"column":16},"end":{"line":136,"column":17}},"type":"if","locations":[{"start":{"line":131,"column":16},"end":{"line":136,"column":17}},{"start":{"line":134,"column":23},"end":{"line":136,"column":17}}],"line":131}},"s":{"0":3,"1":3,"2":51,"3":5,"4":5,"5":1,"6":1,"7":1,"8":1,"9":1,"10":1,"11":1,"12":1,"13":1,"14":1,"15":1,"16":1,"17":1,"18":2,"19":2,"20":1,"21":1,"22":1,"23":3,"24":2,"25":2,"26":2,"27":12,"28":5,"29":5,"30":5,"31":7,"32":11,"33":11,"34":11,"35":7,"36":4,"37":7,"38":12,"39":9,"40":9,"41":9,"42":9,"43":2,"44":7,"45":9,"46":9,"47":3,"48":3,"49":16,"50":16,"51":16,"52":16,"53":0,"54":16,"55":2,"56":4,"57":1,"58":1,"59":0,"60":21,"61":49,"62":26,"63":19,"64":21,"65":19,"66":18,"67":18,"68":18,"69":18,"70":4,"71":4,"72":3,"73":3,"74":5,"75":5,"76":2,"77":1,"78":1,"79":1,"80":1,"81":1,"82":3,"83":3,"84":0,"85":17,"86":1},"f":{"0":3,"1":21,"2":19},"b":{"0":[1,2,3,5,1,1,1,3,4,12,6,8,9,3,16],"1":[2,2],"2":[2,2],"3":[3,3],"4":[4,4],"5":[5,7],"6":[12,9,5,2,2,2,2],"7":[7,4],"8":[11,10,9,8],"9":[2,7],"10":[9,7,7,7],"11":[16,0],"12":[5,4],"13":[1,0],"14":[1,1],"15":[26,23],"16":[19,7],"17":[26,24],"18":[24,16,12],"19":[18,1],"20":[19,18],"21":[4,3,5,2,1,3,0],"22":[1,1]},"_coverageSchema":"1a1c01bbd47fc00a2c39e90264f33305004495a9","hash":"a57b6ac98fd53fa4379ed467a8a6b759e3c0ed4c"}
,"D:\\course\\javaaa\\DEMO\\calculator\\calculator.js": {"path":"D:\\course\\javaaa\\DEMO\\calculator\\calculator.js","statementMap":{"0":{"start":{"line":3,"column":24},"end":{"line":3,"column":26}},"1":{"start":{"line":4,"column":23},"end":{"line":4,"column":25}},"2":{"start":{"line":6,"column":0},"end":{"line":41,"column":3}},"3":{"start":{"line":7,"column":14},"end":{"line":7,"column":16}},"4":{"start":{"line":9,"column":19},"end":{"line":9,"column":54}},"5":{"start":{"line":10,"column":17},"end":{"line":10,"column":50}},"6":{"start":{"line":11,"column":17},"end":{"line":11,"column":50}},"7":{"start":{"line":13,"column":18},"end":{"line":13,"column":53}},"8":{"start":{"line":15,"column":4},"end":{"line":37,"column":7}},"9":{"start":{"line":16,"column":8},"end":{"line":36,"column":11}},"10":{"start":{"line":17,"column":24},"end":{"line":17,"column":33}},"11":{"start":{"line":18,"column":12},"end":{"line":35,"column":13}},"12":{"start":{"line":19,"column":16},"end":{"line":19,"column":27}},"13":{"start":{"line":20,"column":16},"end":{"line":20,"column":38}},"14":{"start":{"line":21,"column":16},"end":{"line":21,"column":38}},"15":{"start":{"line":22,"column":19},"end":{"line":35,"column":13}},"16":{"start":{"line":23,"column":16},"end":{"line":23,"column":65}},"17":{"start":{"line":24,"column":19},"end":{"line":35,"column":13}},"18":{"start":{"line":25,"column":16},"end":{"line":25,"column":49}},"19":{"start":{"line":26,"column":16},"end":{"line":32,"column":17}},"20":{"start":{"line":27,"column":20},"end":{"line":27,"column":51}},"21":{"start":{"line":29,"column":20},"end":{"line":29,"column":29}},"22":{"start":{"line":30,"column":20},"end":{"line":30,"column":31}},"23":{"start":{"line":31,"column":20},"end":{"line":31,"column":42}},"24":{"start":{"line":34,"column":16},"end":{"line":34,"column":41}},"25":{"start":{"line":39,"column":4},"end":{"line":39,"column":27}},"26":{"start":{"line":44,"column":4},"end":{"line":44,"column":26}},"27":{"start":{"line":45,"column":4},"end":{"line":45,"column":25}},"28":{"start":{"line":46,"column":4},"end":{"line":46,"column":13}},"29":{"start":{"line":50,"column":17},"end":{"line":50,"column":83}},"30":{"start":{"line":51,"column":4},"end":{"line":60,"column":5}},"31":{"start":{"line":51,"column":17},"end":{"line":51,"column":18}},"32":{"start":{"line":52,"column":8},"end":{"line":59,"column":9}},"33":{"start":{"line":53,"column":12},"end":{"line":53,"column":51}},"34":{"start":{"line":54,"column":15},"end":{"line":59,"column":9}},"35":{"start":{"line":55,"column":12},"end":{"line":55,"column":51}},"36":{"start":{"line":57,"column":15},"end":{"line":59,"column":9}},"37":{"start":{"line":58,"column":12},"end":{"line":58,"column":51}},"38":{"start":{"line":61,"column":4},"end":{"line":61,"column":18}},"39":{"start":{"line":66,"column":16},"end":{"line":66,"column":18}},"40":{"start":{"line":67,"column":4},"end":{"line":80,"column":5}},"41":{"start":{"line":67,"column":17},"end":{"line":67,"column":22}},"42":{"start":{"line":68,"column":8},"end":{"line":79,"column":9}},"43":{"start":{"line":69,"column":12},"end":{"line":71,"column":13}},"44":{"start":{"line":70,"column":16},"end":{"line":70,"column":67}},"45":{"start":{"line":72,"column":12},"end":{"line":72,"column":31}},"46":{"start":{"line":73,"column":15},"end":{"line":79,"column":9}},"47":{"start":{"line":74,"column":12},"end":{"line":74,"column":24}},"48":{"start":{"line":75,"column":12},"end":{"line":78,"column":13}},"49":{"start":{"line":76,"column":16},"end":{"line":76,"column":63}},"50":{"start":{"line":77,"column":16},"end":{"line":77,"column":22}},"51":{"start":{"line":81,"column":4},"end":{"line":81,"column":15}}},"fnMap":{"0":{"name":"(anonymous_0)","decl":{"start":{"line":6,"column":2},"end":{"line":6,"column":3}},"loc":{"start":{"line":6,"column":14},"end":{"line":41,"column":1}},"line":6},"1":{"name":"(anonymous_1)","decl":{"start":{"line":15,"column":20},"end":{"line":15,"column":21}},"loc":{"start":{"line":15,"column":38},"end":{"line":37,"column":5}},"line":15},"2":{"name":"(anonymous_2)","decl":{"start":{"line":16,"column":41},"end":{"line":16,"column":42}},"loc":{"start":{"line":16,"column":53},"end":{"line":36,"column":9}},"line":16},"3":{"name":"clear","decl":{"start":{"line":43,"column":9},"end":{"line":43,"column":14}},"loc":{"start":{"line":43,"column":20},"end":{"line":47,"column":1}},"line":43},"4":{"name":"transStr","decl":{"start":{"line":49,"column":16},"end":{"line":49,"column":24}},"loc":{"start":{"line":49,"column":30},"end":{"line":62,"column":1}},"line":49},"5":{"name":"replaceX","decl":{"start":{"line":65,"column":9},"end":{"line":65,"column":17}},"loc":{"start":{"line":65,"column":40},"end":{"line":82,"column":1}},"line":65}},"branchMap":{"0":{"loc":{"start":{"line":18,"column":12},"end":{"line":35,"column":13}},"type":"if","locations":[{"start":{"line":18,"column":12},"end":{"line":35,"column":13}},{"start":{"line":22,"column":19},"end":{"line":35,"column":13}}],"line":18},"1":{"loc":{"start":{"line":22,"column":19},"end":{"line":35,"column":13}},"type":"if","locations":[{"start":{"line":22,"column":19},"end":{"line":35,"column":13}},{"start":{"line":24,"column":19},"end":{"line":35,"column":13}}],"line":22},"2":{"loc":{"start":{"line":24,"column":19},"end":{"line":35,"column":13}},"type":"if","locations":[{"start":{"line":24,"column":19},"end":{"line":35,"column":13}},{"start":{"line":33,"column":19},"end":{"line":35,"column":13}}],"line":24},"3":{"loc":{"start":{"line":52,"column":8},"end":{"line":59,"column":9}},"type":"if","locations":[{"start":{"line":52,"column":8},"end":{"line":59,"column":9}},{"start":{"line":54,"column":15},"end":{"line":59,"column":9}}],"line":52},"4":{"loc":{"start":{"line":54,"column":15},"end":{"line":59,"column":9}},"type":"if","locations":[{"start":{"line":54,"column":15},"end":{"line":59,"column":9}},{"start":{"line":57,"column":15},"end":{"line":59,"column":9}}],"line":54},"5":{"loc":{"start":{"line":57,"column":15},"end":{"line":59,"column":9}},"type":"if","locations":[{"start":{"line":57,"column":15},"end":{"line":59,"column":9}},{"start":{},"end":{}}],"line":57},"6":{"loc":{"start":{"line":68,"column":8},"end":{"line":79,"column":9}},"type":"if","locations":[{"start":{"line":68,"column":8},"end":{"line":79,"column":9}},{"start":{"line":73,"column":15},"end":{"line":79,"column":9}}],"line":68},"7":{"loc":{"start":{"line":69,"column":12},"end":{"line":71,"column":13}},"type":"if","locations":[{"start":{"line":69,"column":12},"end":{"line":71,"column":13}},{"start":{},"end":{}}],"line":69},"8":{"loc":{"start":{"line":73,"column":15},"end":{"line":79,"column":9}},"type":"if","locations":[{"start":{"line":73,"column":15},"end":{"line":79,"column":9}},{"start":{},"end":{}}],"line":73},"9":{"loc":{"start":{"line":75,"column":12},"end":{"line":78,"column":13}},"type":"if","locations":[{"start":{"line":75,"column":12},"end":{"line":78,"column":13}},{"start":{},"end":{}}],"line":75}},"s":{"0":1,"1":1,"2":1,"3":0,"4":0,"5":0,"6":0,"7":0,"8":0,"9":0,"10":0,"11":0,"12":0,"13":0,"14":0,"15":0,"16":0,"17":0,"18":0,"19":0,"20":0,"21":0,"22":0,"23":0,"24":0,"25":0,"26":0,"27":0,"28":0,"29":3,"30":3,"31":3,"32":61,"33":1,"34":60,"35":1,"36":59,"37":1,"38":3,"39":3,"40":3,"41":3,"42":42,"43":5,"44":3,"45":5,"46":37,"47":5,"48":5,"49":3,"50":3,"51":3},"f":{"0":0,"1":0,"2":0,"3":0,"4":3,"5":3},"b":{"0":[0,0],"1":[0,0],"2":[0,0],"3":[1,60],"4":[1,59],"5":[1,58],"6":[5,37],"7":[3,2],"8":[5,32],"9":[3,2]},"_coverageSchema":"1a1c01bbd47fc00a2c39e90264f33305004495a9","hash":"f8f40c9ba81676ad468704677f254b804fca5565"}
}
