TN:
SF:calculate.js
FN:2,getRes
FN:103,getNum
FN:115,popCalculator
FNF:3
FNH:3
FNDA:3,getRes
FNDA:21,getNum
FNDA:19,popCalculator
DA:3,3
DA:4,51
DA:9,5
DA:10,5
DA:13,1
DA:14,1
DA:15,1
DA:17,1
DA:18,1
DA:19,1
DA:22,1
DA:23,1
DA:24,1
DA:26,1
DA:27,1
DA:28,1
DA:31,1
DA:32,2
DA:33,2
DA:35,1
DA:36,1
DA:37,1
DA:40,3
DA:41,2
DA:42,2
DA:44,2
DA:47,12
DA:50,5
DA:51,5
DA:52,5
DA:54,7
DA:55,11
DA:56,11
DA:57,11
DA:58,7
DA:60,4
DA:63,7
DA:65,12
DA:69,9
DA:70,9
DA:71,9
DA:72,9
DA:73,2
DA:75,7
DA:78,9
DA:79,9
DA:81,3
DA:82,3
DA:84,16
DA:85,16
DA:86,16
DA:87,16
DA:89,0
DA:91,16
DA:94,2
DA:95,4
DA:97,1
DA:98,1
DA:100,0
DA:105,21
DA:106,49
DA:107,26
DA:108,19
DA:112,21
DA:116,19
DA:117,18
DA:118,18
DA:119,18
DA:120,18
DA:122,4
DA:123,4
DA:125,3
DA:126,3
DA:128,5
DA:129,5
DA:131,2
DA:132,1
DA:133,1
DA:135,1
DA:138,1
DA:139,1
DA:141,3
DA:142,3
DA:144,0
DA:146,17
DA:157,1
LF:86
LH:83
BRDA:4,0,0,1
BRDA:4,0,1,2
BRDA:4,0,2,3
BRDA:4,0,3,5
BRDA:4,0,4,1
BRDA:4,0,5,1
BRDA:4,0,6,1
BRDA:4,0,7,3
BRDA:4,0,8,4
BRDA:4,0,9,12
BRDA:4,0,10,6
BRDA:4,0,11,8
BRDA:4,0,12,9
BRDA:4,0,13,3
BRDA:4,0,14,16
BRDA:13,1,0,2
BRDA:13,1,1,2
BRDA:22,2,0,2
BRDA:22,2,1,2
BRDA:31,3,0,3
BRDA:31,3,1,3
BRDA:40,4,0,4
BRDA:40,4,1,4
BRDA:47,5,0,5
BRDA:47,5,1,7
BRDA:47,6,0,12
BRDA:47,6,1,9
BRDA:47,6,2,5
BRDA:47,6,3,2
BRDA:47,6,4,2
BRDA:47,6,5,2
BRDA:47,6,6,2
BRDA:57,7,0,7
BRDA:57,7,1,4
BRDA:57,8,0,11
BRDA:57,8,1,10
BRDA:57,8,2,9
BRDA:57,8,3,8
BRDA:72,9,0,2
BRDA:72,9,1,7
BRDA:72,10,0,9
BRDA:72,10,1,7
BRDA:72,10,2,7
BRDA:72,10,3,7
BRDA:84,11,0,16
BRDA:84,11,1,0
BRDA:94,12,0,5
BRDA:94,12,1,4
BRDA:97,13,0,1
BRDA:97,13,1,0
BRDA:97,14,0,1
BRDA:97,14,1,1
BRDA:106,15,0,26
BRDA:106,15,1,23
BRDA:107,16,0,19
BRDA:107,16,1,7
BRDA:107,17,0,26
BRDA:107,17,1,24
BRDA:107,18,0,24
BRDA:107,18,1,16
BRDA:107,18,2,12
BRDA:116,19,0,18
BRDA:116,19,1,1
BRDA:116,20,0,19
BRDA:116,20,1,18
BRDA:120,21,0,4
BRDA:120,21,1,3
BRDA:120,21,2,5
BRDA:120,21,3,2
BRDA:120,21,4,1
BRDA:120,21,5,3
BRDA:120,21,6,0
BRDA:131,22,0,1
BRDA:131,22,1,1
BRF:74
BRH:71
end_of_record
TN:
SF:calculator.js
FN:6,(anonymous_0)
FN:15,(anonymous_1)
FN:16,(anonymous_2)
FN:43,clear
FN:49,transStr
FN:65,replaceX
FNF:6
FNH:2
FNDA:0,(anonymous_0)
FNDA:0,(anonymous_1)
FNDA:0,(anonymous_2)
FNDA:0,clear
FNDA:3,transStr
FNDA:3,replaceX
DA:3,1
DA:4,1
DA:6,1
DA:7,0
DA:9,0
DA:10,0
DA:11,0
DA:13,0
DA:15,0
DA:16,0
DA:17,0
DA:18,0
DA:19,0
DA:20,0
DA:21,0
DA:22,0
DA:23,0
DA:24,0
DA:25,0
DA:26,0
DA:27,0
DA:29,0
DA:30,0
DA:31,0
DA:34,0
DA:39,0
DA:44,0
DA:45,0
DA:46,0
DA:50,3
DA:51,3
DA:52,61
DA:53,1
DA:54,60
DA:55,1
DA:57,59
DA:58,1
DA:61,3
DA:66,3
DA:67,3
DA:68,42
DA:69,5
DA:70,3
DA:72,5
DA:73,37
DA:74,5
DA:75,5
DA:76,3
DA:77,3
DA:81,3
LF:50
LH:24
BRDA:18,0,0,0
BRDA:18,0,1,0
BRDA:22,1,0,0
BRDA:22,1,1,0
BRDA:24,2,0,0
BRDA:24,2,1,0
BRDA:52,3,0,1
BRDA:52,3,1,60
BRDA:54,4,0,1
BRDA:54,4,1,59
BRDA:57,5,0,1
BRDA:57,5,1,58
BRDA:68,6,0,5
BRDA:68,6,1,37
BRDA:69,7,0,3
BRDA:69,7,1,2
BRDA:73,8,0,5
BRDA:73,8,1,32
BRDA:75,9,0,3
BRDA:75,9,1,2
BRF:20
BRH:14
end_of_record
