{"D:\\xxx\\Black1\\npm_program\\client\\static\\calculator.js": {"path":"D:\\xxx\\Black1\\npm_program\\client\\static\\calculator.js","statementMap":{"0":{"start":{"line":2,"column":17},"end":{"line":2,"column":19}},"1":{"start":{"line":3,"column":16},"end":{"line":3,"column":18}},"2":{"start":{"line":5,"column":0},"end":{"line":40,"column":3}},"3":{"start":{"line":6,"column":14},"end":{"line":6,"column":16}},"4":{"start":{"line":8,"column":19},"end":{"line":8,"column":54}},"5":{"start":{"line":9,"column":17},"end":{"line":9,"column":50}},"6":{"start":{"line":10,"column":17},"end":{"line":10,"column":50}},"7":{"start":{"line":12,"column":18},"end":{"line":12,"column":53}},"8":{"start":{"line":14,"column":4},"end":{"line":36,"column":7}},"9":{"start":{"line":15,"column":8},"end":{"line":35,"column":11}},"10":{"start":{"line":16,"column":24},"end":{"line":16,"column":33}},"11":{"start":{"line":17,"column":12},"end":{"line":34,"column":13}},"12":{"start":{"line":18,"column":16},"end":{"line":18,"column":24}},"13":{"start":{"line":19,"column":16},"end":{"line":19,"column":38}},"14":{"start":{"line":20,"column":16},"end":{"line":20,"column":38}},"15":{"start":{"line":21,"column":19},"end":{"line":34,"column":13}},"16":{"start":{"line":22,"column":16},"end":{"line":22,"column":65}},"17":{"start":{"line":23,"column":19},"end":{"line":34,"column":13}},"18":{"start":{"line":24,"column":16},"end":{"line":24,"column":49}},"19":{"start":{"line":25,"column":16},"end":{"line":31,"column":17}},"20":{"start":{"line":26,"column":20},"end":{"line":26,"column":51}},"21":{"start":{"line":28,"column":20},"end":{"line":28,"column":29}},"22":{"start":{"line":29,"column":20},"end":{"line":29,"column":28}},"23":{"start":{"line":30,"column":20},"end":{"line":30,"column":42}},"24":{"start":{"line":33,"column":16},"end":{"line":33,"column":41}},"25":{"start":{"line":38,"column":4},"end":{"line":38,"column":27}},"26":{"start":{"line":44,"column":4},"end":{"line":135,"column":5}},"27":{"start":{"line":44,"column":17},"end":{"line":44,"column":18}},"28":{"start":{"line":45,"column":8},"end":{"line":134,"column":9}},"29":{"start":{"line":50,"column":16},"end":{"line":50,"column":39}},"30":{"start":{"line":51,"column":16},"end":{"line":51,"column":22}},"31":{"start":{"line":54,"column":16},"end":{"line":57,"column":17}},"32":{"start":{"line":55,"column":20},"end":{"line":55,"column":39}},"33":{"start":{"line":56,"column":20},"end":{"line":56,"column":36}},"34":{"start":{"line":58,"column":28},"end":{"line":58,"column":44}},"35":{"start":{"line":59,"column":16},"end":{"line":59,"column":49}},"36":{"start":{"line":60,"column":16},"end":{"line":60,"column":22}},"37":{"start":{"line":63,"column":16},"end":{"line":66,"column":17}},"38":{"start":{"line":64,"column":20},"end":{"line":64,"column":39}},"39":{"start":{"line":65,"column":20},"end":{"line":65,"column":36}},"40":{"start":{"line":67,"column":28},"end":{"line":67,"column":44}},"41":{"start":{"line":68,"column":16},"end":{"line":68,"column":49}},"42":{"start":{"line":69,"column":16},"end":{"line":69,"column":22}},"43":{"start":{"line":72,"column":16},"end":{"line":75,"column":17}},"44":{"start":{"line":73,"column":20},"end":{"line":73,"column":39}},"45":{"start":{"line":74,"column":20},"end":{"line":74,"column":36}},"46":{"start":{"line":76,"column":28},"end":{"line":76,"column":44}},"47":{"start":{"line":77,"column":16},"end":{"line":77,"column":49}},"48":{"start":{"line":78,"column":16},"end":{"line":78,"column":22}},"49":{"start":{"line":81,"column":16},"end":{"line":84,"column":17}},"50":{"start":{"line":82,"column":20},"end":{"line":82,"column":39}},"51":{"start":{"line":83,"column":20},"end":{"line":83,"column":36}},"52":{"start":{"line":85,"column":16},"end":{"line":85,"column":22}},"53":{"start":{"line":89,"column":16},"end":{"line":106,"column":17}},"54":{"start":{"line":92,"column":38},"end":{"line":92,"column":52}},"55":{"start":{"line":93,"column":20},"end":{"line":93,"column":41}},"56":{"start":{"line":94,"column":20},"end":{"line":94,"column":34}},"57":{"start":{"line":96,"column":20},"end":{"line":104,"column":21}},"58":{"start":{"line":97,"column":33},"end":{"line":97,"column":48}},"59":{"start":{"line":98,"column":24},"end":{"line":98,"column":43}},"60":{"start":{"line":99,"column":24},"end":{"line":103,"column":25}},"61":{"start":{"line":100,"column":28},"end":{"line":100,"column":44}},"62":{"start":{"line":102,"column":28},"end":{"line":102,"column":34}},"63":{"start":{"line":105,"column":20},"end":{"line":105,"column":43}},"64":{"start":{"line":107,"column":16},"end":{"line":107,"column":22}},"65":{"start":{"line":111,"column":16},"end":{"line":119,"column":17}},"66":{"start":{"line":112,"column":29},"end":{"line":112,"column":44}},"67":{"start":{"line":113,"column":20},"end":{"line":113,"column":39}},"68":{"start":{"line":114,"column":20},"end":{"line":118,"column":21}},"69":{"start":{"line":115,"column":24},"end":{"line":115,"column":40}},"70":{"start":{"line":117,"column":24},"end":{"line":117,"column":30}},"71":{"start":{"line":120,"column":16},"end":{"line":120,"column":39}},"72":{"start":{"line":121,"column":16},"end":{"line":121,"column":22}},"73":{"start":{"line":123,"column":16},"end":{"line":123,"column":39}},"74":{"start":{"line":124,"column":16},"end":{"line":124,"column":22}},"75":{"start":{"line":126,"column":16},"end":{"line":132,"column":17}},"76":{"start":{"line":127,"column":38},"end":{"line":127,"column":52}},"77":{"start":{"line":128,"column":20},"end":{"line":128,"column":41}},"78":{"start":{"line":129,"column":20},"end":{"line":129,"column":34}},"79":{"start":{"line":131,"column":20},"end":{"line":131,"column":45}},"80":{"start":{"line":133,"column":16},"end":{"line":133,"column":22}},"81":{"start":{"line":136,"column":4},"end":{"line":138,"column":5}},"82":{"start":{"line":137,"column":8},"end":{"line":137,"column":24}},"83":{"start":{"line":139,"column":4},"end":{"line":141,"column":5}},"84":{"start":{"line":140,"column":8},"end":{"line":140,"column":32}},"85":{"start":{"line":142,"column":4},"end":{"line":142,"column":29}},"86":{"start":{"line":147,"column":4},"end":{"line":153,"column":5}},"87":{"start":{"line":148,"column":8},"end":{"line":152,"column":9}},"88":{"start":{"line":149,"column":12},"end":{"line":151,"column":13}},"89":{"start":{"line":150,"column":16},"end":{"line":150,"column":22}},"90":{"start":{"line":154,"column":4},"end":{"line":154,"column":60}},"91":{"start":{"line":158,"column":4},"end":{"line":189,"column":5}},"92":{"start":{"line":159,"column":20},"end":{"line":159,"column":36}},"93":{"start":{"line":160,"column":20},"end":{"line":160,"column":36}},"94":{"start":{"line":161,"column":18},"end":{"line":161,"column":33}},"95":{"start":{"line":162,"column":8},"end":{"line":187,"column":9}},"96":{"start":{"line":164,"column":16},"end":{"line":164,"column":47}},"97":{"start":{"line":165,"column":16},"end":{"line":165,"column":22}},"98":{"start":{"line":167,"column":16},"end":{"line":167,"column":47}},"99":{"start":{"line":168,"column":16},"end":{"line":168,"column":22}},"100":{"start":{"line":170,"column":16},"end":{"line":170,"column":47}},"101":{"start":{"line":171,"column":16},"end":{"line":171,"column":22}},"102":{"start":{"line":173,"column":16},"end":{"line":178,"column":17}},"103":{"start":{"line":174,"column":20},"end":{"line":174,"column":50}},"104":{"start":{"line":175,"column":20},"end":{"line":175,"column":26}},"105":{"start":{"line":177,"column":20},"end":{"line":177,"column":43}},"106":{"start":{"line":180,"column":16},"end":{"line":180,"column":47}},"107":{"start":{"line":181,"column":16},"end":{"line":181,"column":22}},"108":{"start":{"line":183,"column":16},"end":{"line":183,"column":55}},"109":{"start":{"line":184,"column":16},"end":{"line":184,"column":22}},"110":{"start":{"line":186,"column":16},"end":{"line":186,"column":41}},"111":{"start":{"line":188,"column":8},"end":{"line":188,"column":20}},"112":{"start":{"line":191,"column":4},"end":{"line":194,"column":5}},"113":{"start":{"line":192,"column":8},"end":{"line":192,"column":29}},"114":{"start":{"line":193,"column":8},"end":{"line":193,"column":26}},"115":{"start":{"line":195,"column":4},"end":{"line":198,"column":5}},"116":{"start":{"line":197,"column":8},"end":{"line":197,"column":20}},"117":{"start":{"line":199,"column":4},"end":{"line":199,"column":29}},"118":{"start":{"line":203,"column":4},"end":{"line":203,"column":26}},"119":{"start":{"line":204,"column":4},"end":{"line":204,"column":25}},"120":{"start":{"line":205,"column":4},"end":{"line":205,"column":13}},"121":{"start":{"line":209,"column":17},"end":{"line":209,"column":83}},"122":{"start":{"line":210,"column":4},"end":{"line":219,"column":5}},"123":{"start":{"line":210,"column":17},"end":{"line":210,"column":18}},"124":{"start":{"line":211,"column":8},"end":{"line":218,"column":9}},"125":{"start":{"line":212,"column":12},"end":{"line":212,"column":51}},"126":{"start":{"line":213,"column":15},"end":{"line":218,"column":9}},"127":{"start":{"line":214,"column":12},"end":{"line":214,"column":51}},"128":{"start":{"line":216,"column":15},"end":{"line":218,"column":9}},"129":{"start":{"line":217,"column":12},"end":{"line":217,"column":51}},"130":{"start":{"line":220,"column":4},"end":{"line":220,"column":18}},"131":{"start":{"line":225,"column":16},"end":{"line":225,"column":18}},"132":{"start":{"line":226,"column":4},"end":{"line":239,"column":5}},"133":{"start":{"line":226,"column":17},"end":{"line":226,"column":22}},"134":{"start":{"line":227,"column":8},"end":{"line":238,"column":9}},"135":{"start":{"line":228,"column":12},"end":{"line":230,"column":13}},"136":{"start":{"line":229,"column":16},"end":{"line":229,"column":67}},"137":{"start":{"line":231,"column":12},"end":{"line":231,"column":31}},"138":{"start":{"line":232,"column":15},"end":{"line":238,"column":9}},"139":{"start":{"line":233,"column":12},"end":{"line":233,"column":24}},"140":{"start":{"line":234,"column":12},"end":{"line":237,"column":13}},"141":{"start":{"line":235,"column":16},"end":{"line":235,"column":63}},"142":{"start":{"line":236,"column":16},"end":{"line":236,"column":22}},"143":{"start":{"line":240,"column":4},"end":{"line":240,"column":15}}},"fnMap":{"0":{"name":"(anonymous_0)","decl":{"start":{"line":5,"column":2},"end":{"line":5,"column":3}},"loc":{"start":{"line":5,"column":14},"end":{"line":40,"column":1}},"line":5},"1":{"name":"(anonymous_1)","decl":{"start":{"line":14,"column":20},"end":{"line":14,"column":21}},"loc":{"start":{"line":14,"column":38},"end":{"line":36,"column":5}},"line":14},"2":{"name":"(anonymous_2)","decl":{"start":{"line":15,"column":41},"end":{"line":15,"column":42}},"loc":{"start":{"line":15,"column":53},"end":{"line":35,"column":9}},"line":15},"3":{"name":"getRes","decl":{"start":{"line":43,"column":16},"end":{"line":43,"column":22}},"loc":{"start":{"line":43,"column":28},"end":{"line":143,"column":1}},"line":43},"4":{"name":"getNum","decl":{"start":{"line":145,"column":9},"end":{"line":145,"column":15}},"loc":{"start":{"line":145,"column":27},"end":{"line":155,"column":1}},"line":145},"5":{"name":"popCalculator","decl":{"start":{"line":157,"column":9},"end":{"line":157,"column":22}},"loc":{"start":{"line":157,"column":25},"end":{"line":200,"column":1}},"line":157},"6":{"name":"clear","decl":{"start":{"line":202,"column":9},"end":{"line":202,"column":14}},"loc":{"start":{"line":202,"column":17},"end":{"line":206,"column":1}},"line":202},"7":{"name":"transStr","decl":{"start":{"line":208,"column":16},"end":{"line":208,"column":24}},"loc":{"start":{"line":208,"column":30},"end":{"line":221,"column":1}},"line":208},"8":{"name":"replaceX","decl":{"start":{"line":224,"column":9},"end":{"line":224,"column":17}},"loc":{"start":{"line":224,"column":40},"end":{"line":241,"column":1}},"line":224}},"branchMap":{"0":{"loc":{"start":{"line":17,"column":12},"end":{"line":34,"column":13}},"type":"if","locations":[{"start":{"line":17,"column":12},"end":{"line":34,"column":13}},{"start":{"line":21,"column":19},"end":{"line":34,"column":13}}],"line":17},"1":{"loc":{"start":{"line":21,"column":19},"end":{"line":34,"column":13}},"type":"if","locations":[{"start":{"line":21,"column":19},"end":{"line":34,"column":13}},{"start":{"line":23,"column":19},"end":{"line":34,"column":13}}],"line":21},"2":{"loc":{"start":{"line":23,"column":19},"end":{"line":34,"column":13}},"type":"if","locations":[{"start":{"line":23,"column":19},"end":{"line":34,"column":13}},{"start":{"line":32,"column":19},"end":{"line":34,"column":13}}],"line":23},"3":{"loc":{"start":{"line":45,"column":8},"end":{"line":134,"column":9}},"type":"switch","locations":[{"start":{"line":46,"column":12},"end":{"line":46,"column":21}},{"start":{"line":47,"column":12},"end":{"line":47,"column":21}},{"start":{"line":48,"column":12},"end":{"line":48,"column":21}},{"start":{"line":49,"column":12},"end":{"line":51,"column":22}},{"start":{"line":52,"column":12},"end":{"line":60,"column":22}},{"start":{"line":61,"column":12},"end":{"line":69,"column":22}},{"start":{"line":70,"column":12},"end":{"line":78,"column":22}},{"start":{"line":79,"column":12},"end":{"line":85,"column":22}},{"start":{"line":86,"column":12},"end":{"line":86,"column":21}},{"start":{"line":87,"column":12},"end":{"line":107,"column":22}},{"start":{"line":108,"column":12},"end":{"line":108,"column":21}},{"start":{"line":109,"column":12},"end":{"line":109,"column":21}},{"start":{"line":110,"column":12},"end":{"line":121,"column":22}},{"start":{"line":122,"column":12},"end":{"line":124,"column":22}},{"start":{"line":125,"column":12},"end":{"line":133,"column":22}}],"line":45},"4":{"loc":{"start":{"line":54,"column":23},"end":{"line":54,"column":77}},"type":"binary-expr","locations":[{"start":{"line":54,"column":23},"end":{"line":54,"column":43}},{"start":{"line":54,"column":47},"end":{"line":54,"column":77}}],"line":54},"5":{"loc":{"start":{"line":63,"column":23},"end":{"line":63,"column":77}},"type":"binary-expr","locations":[{"start":{"line":63,"column":23},"end":{"line":63,"column":43}},{"start":{"line":63,"column":47},"end":{"line":63,"column":77}}],"line":63},"6":{"loc":{"start":{"line":72,"column":23},"end":{"line":72,"column":77}},"type":"binary-expr","locations":[{"start":{"line":72,"column":23},"end":{"line":72,"column":43}},{"start":{"line":72,"column":47},"end":{"line":72,"column":77}}],"line":72},"7":{"loc":{"start":{"line":81,"column":23},"end":{"line":81,"column":77}},"type":"binary-expr","locations":[{"start":{"line":81,"column":23},"end":{"line":81,"column":43}},{"start":{"line":81,"column":47},"end":{"line":81,"column":77}}],"line":81},"8":{"loc":{"start":{"line":89,"column":16},"end":{"line":106,"column":17}},"type":"if","locations":[{"start":{"line":89,"column":16},"end":{"line":106,"column":17}},{"start":{"line":95,"column":23},"end":{"line":106,"column":17}}],"line":89},"9":{"loc":{"start":{"line":89,"column":20},"end":{"line":91,"column":109}},"type":"binary-expr","locations":[{"start":{"line":89,"column":20},"end":{"line":89,"column":27}},{"start":{"line":90,"column":21},"end":{"line":90,"column":35}},{"start":{"line":90,"column":39},"end":{"line":90,"column":56}},{"start":{"line":91,"column":24},"end":{"line":91,"column":42}},{"start":{"line":91,"column":46},"end":{"line":91,"column":64}},{"start":{"line":91,"column":68},"end":{"line":91,"column":86}},{"start":{"line":91,"column":90},"end":{"line":91,"column":108}}],"line":89},"10":{"loc":{"start":{"line":99,"column":24},"end":{"line":103,"column":25}},"type":"if","locations":[{"start":{"line":99,"column":24},"end":{"line":103,"column":25}},{"start":{"line":101,"column":31},"end":{"line":103,"column":25}}],"line":99},"11":{"loc":{"start":{"line":99,"column":28},"end":{"line":99,"column":80}},"type":"binary-expr","locations":[{"start":{"line":99,"column":28},"end":{"line":99,"column":38}},{"start":{"line":99,"column":42},"end":{"line":99,"column":52}},{"start":{"line":99,"column":56},"end":{"line":99,"column":66}},{"start":{"line":99,"column":70},"end":{"line":99,"column":80}}],"line":99},"12":{"loc":{"start":{"line":114,"column":20},"end":{"line":118,"column":21}},"type":"if","locations":[{"start":{"line":114,"column":20},"end":{"line":118,"column":21}},{"start":{"line":116,"column":27},"end":{"line":118,"column":21}}],"line":114},"13":{"loc":{"start":{"line":114,"column":24},"end":{"line":114,"column":76}},"type":"binary-expr","locations":[{"start":{"line":114,"column":24},"end":{"line":114,"column":34}},{"start":{"line":114,"column":38},"end":{"line":114,"column":48}},{"start":{"line":114,"column":52},"end":{"line":114,"column":62}},{"start":{"line":114,"column":66},"end":{"line":114,"column":76}}],"line":114},"14":{"loc":{"start":{"line":126,"column":16},"end":{"line":132,"column":17}},"type":"if","locations":[{"start":{"line":126,"column":16},"end":{"line":132,"column":17}},{"start":{"line":130,"column":23},"end":{"line":132,"column":17}}],"line":126},"15":{"loc":{"start":{"line":136,"column":11},"end":{"line":136,"column":58}},"type":"binary-expr","locations":[{"start":{"line":136,"column":11},"end":{"line":136,"column":33}},{"start":{"line":136,"column":37},"end":{"line":136,"column":58}}],"line":136},"16":{"loc":{"start":{"line":139,"column":4},"end":{"line":141,"column":5}},"type":"if","locations":[{"start":{"line":139,"column":4},"end":{"line":141,"column":5}},{"start":{},"end":{}}],"line":139},"17":{"loc":{"start":{"line":139,"column":8},"end":{"line":139,"column":57}},"type":"binary-expr","locations":[{"start":{"line":139,"column":8},"end":{"line":139,"column":31}},{"start":{"line":139,"column":35},"end":{"line":139,"column":57}}],"line":139},"18":{"loc":{"start":{"line":148,"column":8},"end":{"line":152,"column":9}},"type":"if","locations":[{"start":{"line":148,"column":8},"end":{"line":152,"column":9}},{"start":{},"end":{}}],"line":148},"19":{"loc":{"start":{"line":149,"column":12},"end":{"line":151,"column":13}},"type":"if","locations":[{"start":{"line":149,"column":12},"end":{"line":151,"column":13}},{"start":{},"end":{}}],"line":149},"20":{"loc":{"start":{"line":149,"column":16},"end":{"line":149,"column":86}},"type":"binary-expr","locations":[{"start":{"line":149,"column":16},"end":{"line":149,"column":30}},{"start":{"line":149,"column":34},"end":{"line":149,"column":86}}],"line":149},"21":{"loc":{"start":{"line":149,"column":36},"end":{"line":149,"column":85}},"type":"binary-expr","locations":[{"start":{"line":149,"column":37},"end":{"line":149,"column":51}},{"start":{"line":149,"column":55},"end":{"line":149,"column":69}},{"start":{"line":149,"column":74},"end":{"line":149,"column":85}}],"line":149},"22":{"loc":{"start":{"line":158,"column":4},"end":{"line":189,"column":5}},"type":"if","locations":[{"start":{"line":158,"column":4},"end":{"line":189,"column":5}},{"start":{},"end":{}}],"line":158},"23":{"loc":{"start":{"line":158,"column":8},"end":{"line":158,"column":55}},"type":"binary-expr","locations":[{"start":{"line":158,"column":8},"end":{"line":158,"column":30}},{"start":{"line":158,"column":34},"end":{"line":158,"column":55}}],"line":158},"24":{"loc":{"start":{"line":162,"column":8},"end":{"line":187,"column":9}},"type":"switch","locations":[{"start":{"line":163,"column":12},"end":{"line":165,"column":22}},{"start":{"line":166,"column":12},"end":{"line":168,"column":22}},{"start":{"line":169,"column":12},"end":{"line":171,"column":22}},{"start":{"line":172,"column":12},"end":{"line":178,"column":17}},{"start":{"line":179,"column":12},"end":{"line":181,"column":22}},{"start":{"line":182,"column":12},"end":{"line":184,"column":22}},{"start":{"line":185,"column":12},"end":{"line":186,"column":41}}],"line":162},"25":{"loc":{"start":{"line":173,"column":16},"end":{"line":178,"column":17}},"type":"if","locations":[{"start":{"line":173,"column":16},"end":{"line":178,"column":17}},{"start":{"line":176,"column":23},"end":{"line":178,"column":17}}],"line":173},"26":{"loc":{"start":{"line":191,"column":4},"end":{"line":194,"column":5}},"type":"if","locations":[{"start":{"line":191,"column":4},"end":{"line":194,"column":5}},{"start":{},"end":{}}],"line":191},"27":{"loc":{"start":{"line":195,"column":4},"end":{"line":198,"column":5}},"type":"if","locations":[{"start":{"line":195,"column":4},"end":{"line":198,"column":5}},{"start":{},"end":{}}],"line":195},"28":{"loc":{"start":{"line":195,"column":8},"end":{"line":196,"column":88}},"type":"binary-expr","locations":[{"start":{"line":195,"column":8},"end":{"line":195,"column":29}},{"start":{"line":196,"column":9},"end":{"line":196,"column":31}},{"start":{"line":196,"column":35},"end":{"line":196,"column":45}},{"start":{"line":196,"column":49},"end":{"line":196,"column":59}},{"start":{"line":196,"column":63},"end":{"line":196,"column":73}},{"start":{"line":196,"column":77},"end":{"line":196,"column":87}}],"line":195},"29":{"loc":{"start":{"line":211,"column":8},"end":{"line":218,"column":9}},"type":"if","locations":[{"start":{"line":211,"column":8},"end":{"line":218,"column":9}},{"start":{"line":213,"column":15},"end":{"line":218,"column":9}}],"line":211},"30":{"loc":{"start":{"line":213,"column":15},"end":{"line":218,"column":9}},"type":"if","locations":[{"start":{"line":213,"column":15},"end":{"line":218,"column":9}},{"start":{"line":216,"column":15},"end":{"line":218,"column":9}}],"line":213},"31":{"loc":{"start":{"line":216,"column":15},"end":{"line":218,"column":9}},"type":"if","locations":[{"start":{"line":216,"column":15},"end":{"line":218,"column":9}},{"start":{},"end":{}}],"line":216},"32":{"loc":{"start":{"line":227,"column":8},"end":{"line":238,"column":9}},"type":"if","locations":[{"start":{"line":227,"column":8},"end":{"line":238,"column":9}},{"start":{"line":232,"column":15},"end":{"line":238,"column":9}}],"line":227},"33":{"loc":{"start":{"line":228,"column":12},"end":{"line":230,"column":13}},"type":"if","locations":[{"start":{"line":228,"column":12},"end":{"line":230,"column":13}},{"start":{},"end":{}}],"line":228},"34":{"loc":{"start":{"line":232,"column":15},"end":{"line":238,"column":9}},"type":"if","locations":[{"start":{"line":232,"column":15},"end":{"line":238,"column":9}},{"start":{},"end":{}}],"line":232},"35":{"loc":{"start":{"line":234,"column":12},"end":{"line":237,"column":13}},"type":"if","locations":[{"start":{"line":234,"column":12},"end":{"line":237,"column":13}},{"start":{},"end":{}}],"line":234}},"s":{"0":1,"1":1,"2":1,"3":0,"4":0,"5":0,"6":0,"7":0,"8":0,"9":0,"10":0,"11":0,"12":0,"13":0,"14":0,"15":0,"16":0,"17":0,"18":0,"19":0,"20":0,"21":0,"22":0,"23":0,"24":0,"25":0,"26":1,"27":1,"28":25,"29":3,"30":3,"31":1,"32":1,"33":1,"34":1,"35":1,"36":1,"37":1,"38":0,"39":0,"40":1,"41":1,"42":1,"43":1,"44":0,"45":0,"46":1,"47":1,"48":1,"49":0,"50":0,"51":0,"52":0,"53":6,"54":2,"55":2,"56":2,"57":4,"58":5,"59":5,"60":5,"61":4,"62":1,"63":4,"64":6,"65":4,"66":5,"67":5,"68":5,"69":1,"70":4,"71":4,"72":4,"73":1,"74":1,"75":8,"76":8,"77":8,"78":8,"79":0,"80":8,"81":1,"82":3,"83":1,"84":1,"85":0,"86":10,"87":23,"88":12,"89":9,"90":10,"91":9,"92":9,"93":9,"94":9,"95":9,"96":3,"97":3,"98":1,"99":1,"100":3,"101":3,"102":1,"103":1,"104":1,"105":0,"106":0,"107":0,"108":1,"109":1,"110":0,"111":9,"112":0,"113":0,"114":0,"115":0,"116":0,"117":0,"118":0,"119":0,"120":0,"121":1,"122":1,"123":1,"124":29,"125":1,"126":28,"127":1,"128":27,"129":1,"130":1,"131":3,"132":3,"133":3,"134":24,"135":5,"136":3,"137":5,"138":19,"139":5,"140":5,"141":3,"142":3,"143":3},"f":{"0":0,"1":0,"2":0,"3":1,"4":10,"5":9,"6":0,"7":1,"8":3},"b":{"0":[0,0],"1":[0,0],"2":[0,0],"3":[1,2,3,3,1,1,1,0,3,6,3,4,4,1,8],"4":[2,2],"5":[1,1],"6":[1,1],"7":[0,0],"8":[2,4],"9":[6,5,2,2,2,1,1],"10":[4,1],"11":[5,5,4,4],"12":[1,4],"13":[5,4,4,4],"14":[8,0],"15":[4,3],"16":[1,0],"17":[1,1],"18":[12,11],"19":[9,3],"20":[12,11],"21":[11,9,4],"22":[9,0],"23":[9,9],"24":[3,1,3,1,0,1,0],"25":[1,0],"26":[0,0],"27":[0,0],"28":[0,0,0,0,0,0],"29":[1,28],"30":[1,27],"31":[1,26],"32":[5,19],"33":[3,2],"34":[5,14],"35":[3,2]},"_coverageSchema":"1a1c01bbd47fc00a2c39e90264f33305004495a9","hash":"99c2a2322e7566e9f0c745f0e2dfb07704333c92"}
}
