TN:
SF:static\calculator.js
FN:5,(anonymous_0)
FN:14,(anonymous_1)
FN:15,(anonymous_2)
FN:43,getRes
FN:145,getNum
FN:157,popCalculator
FN:202,clear
FN:208,transStr
FN:224,replaceX
FNF:9
FNH:5
FNDA:0,(anonymous_0)
FNDA:0,(anonymous_1)
FNDA:0,(anonymous_2)
FNDA:1,getRes
FNDA:10,getNum
FNDA:9,popCalculator
FNDA:0,clear
FNDA:1,transStr
FNDA:3,replaceX
DA:2,1
DA:3,1
DA:5,1
DA:6,0
DA:8,0
DA:9,0
DA:10,0
DA:12,0
DA:14,0
DA:15,0
DA:16,0
DA:17,0
DA:18,0
DA:19,0
DA:20,0
DA:21,0
DA:22,0
DA:23,0
DA:24,0
DA:25,0
DA:26,0
DA:28,0
DA:29,0
DA:30,0
DA:33,0
DA:38,0
DA:44,1
DA:45,25
DA:50,3
DA:51,3
DA:54,1
DA:55,1
DA:56,1
DA:58,1
DA:59,1
DA:60,1
DA:63,1
DA:64,0
DA:65,0
DA:67,1
DA:68,1
DA:69,1
DA:72,1
DA:73,0
DA:74,0
DA:76,1
DA:77,1
DA:78,1
DA:81,0
DA:82,0
DA:83,0
DA:85,0
DA:89,6
DA:92,2
DA:93,2
DA:94,2
DA:96,4
DA:97,5
DA:98,5
DA:99,5
DA:100,4
DA:102,1
DA:105,4
DA:107,6
DA:111,4
DA:112,5
DA:113,5
DA:114,5
DA:115,1
DA:117,4
DA:120,4
DA:121,4
DA:123,1
DA:124,1
DA:126,8
DA:127,8
DA:128,8
DA:129,8
DA:131,0
DA:133,8
DA:136,1
DA:137,3
DA:139,1
DA:140,1
DA:142,0
DA:147,10
DA:148,23
DA:149,12
DA:150,9
DA:154,10
DA:158,9
DA:159,9
DA:160,9
DA:161,9
DA:162,9
DA:164,3
DA:165,3
DA:167,1
DA:168,1
DA:170,3
DA:171,3
DA:173,1
DA:174,1
DA:175,1
DA:177,0
DA:180,0
DA:181,0
DA:183,1
DA:184,1
DA:186,0
DA:188,9
DA:191,0
DA:192,0
DA:193,0
DA:195,0
DA:197,0
DA:199,0
DA:203,0
DA:204,0
DA:205,0
DA:209,1
DA:210,1
DA:211,29
DA:212,1
DA:213,28
DA:214,1
DA:216,27
DA:217,1
DA:220,1
DA:225,3
DA:226,3
DA:227,24
DA:228,5
DA:229,3
DA:231,5
DA:232,19
DA:233,5
DA:234,5
DA:235,3
DA:236,3
DA:240,3
LF:141
LH:95
BRDA:17,0,0,0
BRDA:17,0,1,0
BRDA:21,1,0,0
BRDA:21,1,1,0
BRDA:23,2,0,0
BRDA:23,2,1,0
BRDA:45,3,0,1
BRDA:45,3,1,2
BRDA:45,3,2,3
BRDA:45,3,3,3
BRDA:45,3,4,1
BRDA:45,3,5,1
BRDA:45,3,6,1
BRDA:45,3,7,0
BRDA:45,3,8,3
BRDA:45,3,9,6
BRDA:45,3,10,3
BRDA:45,3,11,4
BRDA:45,3,12,4
BRDA:45,3,13,1
BRDA:45,3,14,8
BRDA:54,4,0,2
BRDA:54,4,1,2
BRDA:63,5,0,1
BRDA:63,5,1,1
BRDA:72,6,0,1
BRDA:72,6,1,1
BRDA:81,7,0,0
BRDA:81,7,1,0
BRDA:89,8,0,2
BRDA:89,8,1,4
BRDA:89,9,0,6
BRDA:89,9,1,5
BRDA:89,9,2,2
BRDA:89,9,3,2
BRDA:89,9,4,2
BRDA:89,9,5,1
BRDA:89,9,6,1
BRDA:99,10,0,4
BRDA:99,10,1,1
BRDA:99,11,0,5
BRDA:99,11,1,5
BRDA:99,11,2,4
BRDA:99,11,3,4
BRDA:114,12,0,1
BRDA:114,12,1,4
BRDA:114,13,0,5
BRDA:114,13,1,4
BRDA:114,13,2,4
BRDA:114,13,3,4
BRDA:126,14,0,8
BRDA:126,14,1,0
BRDA:136,15,0,4
BRDA:136,15,1,3
BRDA:139,16,0,1
BRDA:139,16,1,0
BRDA:139,17,0,1
BRDA:139,17,1,1
BRDA:148,18,0,12
BRDA:148,18,1,11
BRDA:149,19,0,9
BRDA:149,19,1,3
BRDA:149,20,0,12
BRDA:149,20,1,11
BRDA:149,21,0,11
BRDA:149,21,1,9
BRDA:149,21,2,4
BRDA:158,22,0,9
BRDA:158,22,1,0
BRDA:158,23,0,9
BRDA:158,23,1,9
BRDA:162,24,0,3
BRDA:162,24,1,1
BRDA:162,24,2,3
BRDA:162,24,3,1
BRDA:162,24,4,0
BRDA:162,24,5,1
BRDA:162,24,6,0
BRDA:173,25,0,1
BRDA:173,25,1,0
BRDA:191,26,0,0
BRDA:191,26,1,0
BRDA:195,27,0,0
BRDA:195,27,1,0
BRDA:195,28,0,0
BRDA:195,28,1,0
BRDA:195,28,2,0
BRDA:195,28,3,0
BRDA:195,28,4,0
BRDA:195,28,5,0
BRDA:211,29,0,1
BRDA:211,29,1,28
BRDA:213,30,0,1
BRDA:213,30,1,27
BRDA:216,31,0,1
BRDA:216,31,1,26
BRDA:227,32,0,5
BRDA:227,32,1,19
BRDA:228,33,0,3
BRDA:228,33,1,2
BRDA:232,34,0,5
BRDA:232,34,1,14
BRDA:234,35,0,3
BRDA:234,35,1,2
BRF:104
BRH:79
end_of_record
